[    0.000000] Initializing cgroup subsys cpuset
[    0.000000] Initializing cgroup subsys cpu
[    0.000000] Initializing cgroup subsys cpuacct
[    0.000000] Linux version 4.4.0-174-generic (buildd@lcy01-amd64-027) (gcc version 5.4.0 20160609 (Ubuntu 5.4.0-6ubuntu1~16.04.12) ) #204-Ubuntu SMP Wed Jan 29 06:41:01 UTC 2020 (Ubuntu 4.4.0-174.204-generic 4.4.211)
[    0.000000] Command line: BOOT_IMAGE=/boot/vmlinuz-4.4.0-174-generic root=LABEL=cloudimg-rootfs ro console=tty1 console=ttyS0
[    0.000000] KERNEL supported cpus:
[    0.000000]   Intel GenuineIntel
[    0.000000]   AMD AuthenticAMD
[    0.000000]   Centaur CentaurHauls
[    0.000000] x86/fpu: xstate_offset[2]:  576, xstate_sizes[2]:  256
[    0.000000] x86/fpu: Supporting XSAVE feature 0x01: 'x87 floating point registers'
[    0.000000] x86/fpu: Supporting XSAVE feature 0x02: 'SSE registers'
[    0.000000] x86/fpu: Supporting XSAVE feature 0x04: 'AVX registers'
[    0.000000] x86/fpu: Enabled xstate features 0x7, context size is 832 bytes, using 'standard' format.
[    0.000000] e820: BIOS-provided physical RAM map:
[    0.000000] BIOS-e820: [mem 0x0000000000000000-0x000000000009fbff] usable
[    0.000000] BIOS-e820: [mem 0x000000000009fc00-0x000000000009ffff] reserved
[    0.000000] BIOS-e820: [mem 0x00000000000f0000-0x00000000000fffff] reserved
[    0.000000] BIOS-e820: [mem 0x0000000000100000-0x000000003ffeffff] usable
[    0.000000] BIOS-e820: [mem 0x000000003fff0000-0x000000003fffffff] ACPI data
[    0.000000] BIOS-e820: [mem 0x00000000fec00000-0x00000000fec00fff] reserved
[    0.000000] BIOS-e820: [mem 0x00000000fee00000-0x00000000fee00fff] reserved
[    0.000000] BIOS-e820: [mem 0x00000000fffc0000-0x00000000ffffffff] reserved
[    0.000000] NX (Execute Disable) protection: active
[    0.000000] SMBIOS 2.5 present.
[    0.000000] Hypervisor detected: KVM
[    0.000000] e820: last_pfn = 0x3fff0 max_arch_pfn = 0x400000000
[    0.000000] MTRR: Disabled
[    0.000000] x86/PAT: MTRRs disabled, skipping PAT initialization too.
[    0.000000] CPU MTRRs all blank - virtualized system.
[    0.000000] x86/PAT: Configuration [0-7]: WB  WT  UC- UC  WB  WT  UC- UC  
[    0.000000] found SMP MP-table at [mem 0x0009fff0-0x0009ffff] mapped at [ffff88000009fff0]
[    0.000000] Scanning 1 areas for low memory corruption
[    0.000000] RAMDISK: [mem 0x362e0000-0x37167fff]
[    0.000000] ACPI: Early table checksum verification disabled
[    0.000000] ACPI: RSDP 0x00000000000E0000 000024 (v02 VBOX  )
[    0.000000] ACPI: XSDT 0x000000003FFF0030 00003C (v01 VBOX   VBOXXSDT 00000001 ASL  00000061)
[    0.000000] ACPI: FACP 0x000000003FFF00F0 0000F4 (v04 VBOX   VBOXFACP 00000001 ASL  00000061)
[    0.000000] ACPI: DSDT 0x000000003FFF0470 0022EA (v02 VBOX   VBOXBIOS 00000002 INTL 20100528)
[    0.000000] ACPI: FACS 0x000000003FFF0200 000040
[    0.000000] ACPI: FACS 0x000000003FFF0200 000040
[    0.000000] ACPI: APIC 0x000000003FFF0240 00005C (v02 VBOX   VBOXAPIC 00000001 ASL  00000061)
[    0.000000] ACPI: SSDT 0x000000003FFF02A0 0001CC (v01 VBOX   VBOXCPUT 00000002 INTL 20100528)
[    0.000000] No NUMA configuration found
[    0.000000] Faking a node at [mem 0x0000000000000000-0x000000003ffeffff]
[    0.000000] NODE_DATA(0) allocated [mem 0x3ffeb000-0x3ffeffff]
[    0.000000] kvm-clock: Using msrs 4b564d01 and 4b564d00
[    0.000000] kvm-clock: cpu 0, msr 0:3ffe3001, primary cpu clock
[    0.000000] kvm-clock: using sched offset of 5847196370 cycles
[    0.000000] clocksource: kvm-clock: mask: 0xffffffffffffffff max_cycles: 0x1cd42e4dffb, max_idle_ns: 881590591483 ns
[    0.000000] Zone ranges:
[    0.000000]   DMA      [mem 0x0000000000001000-0x0000000000ffffff]
[    0.000000]   DMA32    [mem 0x0000000001000000-0x000000003ffeffff]
[    0.000000]   Normal   empty
[    0.000000]   Device   empty
[    0.000000] Movable zone start for each node
[    0.000000] Early memory node ranges
[    0.000000]   node   0: [mem 0x0000000000001000-0x000000000009efff]
[    0.000000]   node   0: [mem 0x0000000000100000-0x000000003ffeffff]
[    0.000000] Initmem setup node 0 [mem 0x0000000000001000-0x000000003ffeffff]
[    0.000000] ACPI: PM-Timer IO Port: 0x4008
[    0.000000] IOAPIC[0]: apic_id 2, version 32, address 0xfec00000, GSI 0-23
[    0.000000] ACPI: INT_SRC_OVR (bus 0 bus_irq 0 global_irq 2 dfl dfl)
[    0.000000] ACPI: INT_SRC_OVR (bus 0 bus_irq 9 global_irq 9 low level)
[    0.000000] Using ACPI (MADT) for SMP configuration information
[    0.000000] smpboot: Allowing 2 CPUs, 0 hotplug CPUs
[    0.000000] PM: Registered nosave memory: [mem 0x00000000-0x00000fff]
[    0.000000] PM: Registered nosave memory: [mem 0x0009f000-0x0009ffff]
[    0.000000] PM: Registered nosave memory: [mem 0x000a0000-0x000effff]
[    0.000000] PM: Registered nosave memory: [mem 0x000f0000-0x000fffff]
[    0.000000] e820: [mem 0x40000000-0xfebfffff] available for PCI devices
[    0.000000] Booting paravirtualized kernel on KVM
[    0.000000] clocksource: refined-jiffies: mask: 0xffffffff max_cycles: 0xffffffff, max_idle_ns: 7645519600211568 ns
[    0.000000] setup_percpu: NR_CPUS:512 nr_cpumask_bits:512 nr_cpu_ids:2 nr_node_ids:1
[    0.000000] PERCPU: Embedded 33 pages/cpu @ffff88003fc00000 s95448 r8192 d31528 u1048576
[    0.000000] Built 1 zonelists in Node order, mobility grouping on.  Total pages: 257912
[    0.000000] Policy zone: DMA32
[    0.000000] Kernel command line: BOOT_IMAGE=/boot/vmlinuz-4.4.0-174-generic root=LABEL=cloudimg-rootfs ro console=tty1 console=ttyS0
[    0.000000] PID hash table entries: 4096 (order: 3, 32768 bytes)
[    0.000000] Memory: 997672K/1048120K available (8626K kernel code, 1336K rwdata, 4032K rodata, 1488K init, 1292K bss, 50448K reserved, 0K cma-reserved)
[    0.000000] SLUB: HWalign=64, Order=0-3, MinObjects=0, CPUs=2, Nodes=1
[    0.000000] Kernel/User page tables isolation: enabled
[    0.000000] Hierarchical RCU implementation.
[    0.000000] 	Build-time adjustment of leaf fanout to 64.
[    0.000000] 	RCU restricting CPUs from NR_CPUS=512 to nr_cpu_ids=2.
[    0.000000] RCU: Adjusting geometry for rcu_fanout_leaf=64, nr_cpu_ids=2
[    0.000000] NR_IRQS:33024 nr_irqs:440 16
[    0.000000] Console: colour VGA+ 80x25
[    0.000000] console [tty1] enabled
[    0.000000] console [ttyS0] enabled
[    0.000000] tsc: Detected 1600.000 MHz processor
[    0.543339] Calibrating delay loop (skipped) preset value.. 3200.00 BogoMIPS (lpj=6400000)
[    0.554687] pid_max: default: 32768 minimum: 301
[    0.558073] ACPI: Core revision 20150930
[    0.561241] ACPI: 2 ACPI AML tables successfully acquired and loaded
[    0.564748] Security Framework initialized
[    0.566632] Yama: becoming mindful.
[    0.568123] AppArmor: AppArmor initialized
[    0.569736] Dentry cache hash table entries: 131072 (order: 8, 1048576 bytes)
[    0.575160] Inode-cache hash table entries: 65536 (order: 7, 524288 bytes)
[    0.577662] Mount-cache hash table entries: 2048 (order: 2, 16384 bytes)
[    0.580409] Mountpoint-cache hash table entries: 2048 (order: 2, 16384 bytes)
[    0.584464] Initializing cgroup subsys io
[    0.586353] Initializing cgroup subsys memory
[    0.588364] Initializing cgroup subsys devices
[    0.590060] Initializing cgroup subsys freezer
[    0.592121] Initializing cgroup subsys net_cls
[    0.594563] Initializing cgroup subsys perf_event
[    0.596617] Initializing cgroup subsys net_prio
[    0.598818] Initializing cgroup subsys hugetlb
[    0.600843] Initializing cgroup subsys pids
[    0.606649] mce: CPU supports 0 MCE banks
[    0.614699] Last level iTLB entries: 4KB 64, 2MB 8, 4MB 8
[    0.617625] Last level dTLB entries: 4KB 64, 2MB 0, 4MB 0, 1GB 4
[    0.620944] Spectre V1 : Mitigation: usercopy/swapgs barriers and __user pointer sanitization
[    0.624517] Spectre V2 : Mitigation: Full generic retpoline
[    0.626830] Spectre V2 : Spectre v2 / SpectreRSB mitigation: Filling RSB on context switch
[    0.630466] Speculative Store Bypass: Vulnerable
[    0.632185] MDS: Mitigation: Clear CPU buffers
[    0.637803] Freeing SMP alternatives memory: 36K
[    0.647859] ftrace: allocating 32305 entries in 127 pages
[    0.728688] smpboot: APIC(0) Converting physical 0 to logical package 0
[    0.731987] smpboot: Max logical packages: 1
[    0.734550] x2apic enabled
[    0.735972] Switched APIC routing to physical x2apic.
[    0.739677] ..TIMER: vector=0x30 apic1=0 pin1=2 apic2=-1 pin2=-1
[    0.850180] smpboot: CPU0: Intel(R) Core(TM) i5-5250U CPU @ 1.60GHz (family: 0x6, model: 0x3d, stepping: 0x4)
[    0.855179] Performance Events: unsupported p6 CPU model 61 no PMU driver, software events only.
[    0.874146] KVM setup paravirtual spinlock
[    0.878251] x86: Booting SMP configuration:
[    0.880224] .... node  #0, CPUs:      #1
[    0.882228] kvm-clock: cpu 1, msr 0:3ffe3041, secondary cpu clock
[    0.895604] mce: CPU supports 0 MCE banks
[    0.905052] x86: Booted up 1 node, 2 CPUs
[    0.907086] smpboot: Total of 2 processors activated (6400.00 BogoMIPS)
[    0.910443] devtmpfs: initialized
[    0.913427] evm: security.selinux
[    0.915014] evm: security.SMACK64
[    0.916869] evm: security.SMACK64EXEC
[    0.919851] evm: security.SMACK64TRANSMUTE
[    0.921669] evm: security.SMACK64MMAP
[    0.923685] evm: security.ima
[    0.925378] evm: security.capability
[    0.927197] clocksource: jiffies: mask: 0xffffffff max_cycles: 0xffffffff, max_idle_ns: 7645041785100000 ns
[    0.931813] futex hash table entries: 512 (order: 3, 32768 bytes)
[    0.934826] pinctrl core: initialized pinctrl subsystem
[    0.936793] RTC time: 11:30:21, date: 04/23/20
[    0.939678] NET: Registered protocol family 16
[    0.950298] cpuidle: using governor ladder
[    0.961952] cpuidle: using governor menu
[    0.964802] PCCT header not found.
[    0.967070] ACPI: bus type PCI registered
[    0.968738] acpiphp: ACPI Hot Plug PCI Controller Driver version: 0.5
[    0.972018] PCI: Using configuration type 1 for base access
[    0.989597] ACPI: Added _OSI(Module Device)
[    0.991932] ACPI: Added _OSI(Processor Device)
[    0.994440] ACPI: Added _OSI(3.0 _SCP Extensions)
[    0.997087] ACPI: Added _OSI(Processor Aggregator Device)
[    1.000971] ACPI: Executed 1 blocks of module-level executable AML code
[    1.006830] ACPI: Interpreter enabled
[    1.008571] ACPI: (supports S0 S5)
[    1.010337] ACPI: Using IOAPIC for interrupt routing
[    1.013204] PCI: Using host bridge windows from ACPI; if necessary, use "pci=nocrs" and report a bug
[    1.024006] ACPI: PCI Root Bridge [PCI0] (domain 0000 [bus 00-ff])
[    1.027542] acpi PNP0A03:00: _OSC: OS supports [ASPM ClockPM Segments MSI]
[    1.030636] acpi PNP0A03:00: _OSC: not requesting OS control; OS requires [ExtendedConfig ASPM ClockPM MSI]
[    1.035034] acpi PNP0A03:00: fail to add MMCONFIG information, can't access extended PCI configuration space under this bridge.
[    1.040443] PCI host bridge to bus 0000:00
[    1.042347] pci_bus 0000:00: root bus resource [io  0x0000-0x0cf7 window]
[    1.045342] pci_bus 0000:00: root bus resource [io  0x0d00-0xffff window]
[    1.048058] pci_bus 0000:00: root bus resource [mem 0x000a0000-0x000bffff window]
[    1.051288] pci_bus 0000:00: root bus resource [mem 0x40000000-0xfdffffff window]
[    1.055054] pci_bus 0000:00: root bus resource [bus 00-ff]
[    1.062858] pci 0000:00:01.1: legacy IDE quirk: reg 0x10: [io  0x01f0-0x01f7]
[    1.066320] pci 0000:00:01.1: legacy IDE quirk: reg 0x14: [io  0x03f6]
[    1.069716] pci 0000:00:01.1: legacy IDE quirk: reg 0x18: [io  0x0170-0x0177]
[    1.072873] pci 0000:00:01.1: legacy IDE quirk: reg 0x1c: [io  0x0376]
[    1.118030] pci 0000:00:07.0: quirk: [io  0x4000-0x403f] claimed by PIIX4 ACPI
[    1.122202] pci 0000:00:07.0: quirk: [io  0x4100-0x410f] claimed by PIIX4 SMB
[    1.144558] ACPI: PCI Interrupt Link [LNKA] (IRQs 5 9 10 *11)
[    1.148820] ACPI: PCI Interrupt Link [LNKB] (IRQs 5 9 *10 11)
[    1.152978] ACPI: PCI Interrupt Link [LNKC] (IRQs 5 *9 10 11)
[    1.156611] ACPI: PCI Interrupt Link [LNKD] (IRQs 5 9 10 *11)
[    1.161146] ACPI: Enabled 2 GPEs in block 00 to 07
[    1.164132] vgaarb: setting as boot device: PCI:0000:00:02.0
[    1.166618] vgaarb: device added: PCI:0000:00:02.0,decodes=io+mem,owns=io+mem,locks=none
[    1.170704] vgaarb: loaded
[    1.172258] vgaarb: bridge control possible 0000:00:02.0
[    1.175157] SCSI subsystem initialized
[    1.177576] ACPI: bus type USB registered
[    1.179290] usbcore: registered new interface driver usbfs
[    1.181997] usbcore: registered new interface driver hub
[    1.184086] usbcore: registered new device driver usb
[    1.186646] PCI: Using ACPI for IRQ routing
[    1.188837] NetLabel: Initializing
[    1.190122] NetLabel:  domain hash size = 128
[    1.191877] NetLabel:  protocols = UNLABELED CIPSOv4
[    1.195986] NetLabel:  unlabeled traffic allowed by default
[    1.198697] amd_nb: Cannot enumerate AMD northbridges
[    1.200890] clocksource: Switched to clocksource kvm-clock
[    1.214215] AppArmor: AppArmor Filesystem Enabled
[    1.216232] pnp: PnP ACPI init
[    1.219649] pnp: PnP ACPI: found 3 devices
[    1.235172] clocksource: acpi_pm: mask: 0xffffff max_cycles: 0xffffff, max_idle_ns: 2085701024 ns
[    1.239299] NET: Registered protocol family 2
[    1.241433] TCP established hash table entries: 8192 (order: 4, 65536 bytes)
[    1.244211] TCP bind hash table entries: 8192 (order: 5, 131072 bytes)
[    1.246578] TCP: Hash tables configured (established 8192 bind 8192)
[    1.248885] UDP hash table entries: 512 (order: 2, 16384 bytes)
[    1.251159] UDP-Lite hash table entries: 512 (order: 2, 16384 bytes)
[    1.254293] NET: Registered protocol family 1
[    1.256188] pci 0000:00:00.0: Limiting direct PCI/PCI transfers
[    1.259648] pci 0000:00:01.0: Activating ISA DMA hang workarounds
[    1.264890] Unpacking initramfs...
[    1.645170] Freeing initrd memory: 14880K
[    1.647254] RAPL PMU detected, API unit is 2^-32 Joules, 4 fixed counters 10737418240 ms ovfl timer
[    1.651416] hw unit of domain pp0-core 2^-0 Joules
[    1.653190] hw unit of domain package 2^-0 Joules
[    1.655304] hw unit of domain dram 2^-0 Joules
[    1.657109] hw unit of domain pp1-gpu 2^-0 Joules
[    1.659071] clocksource: tsc: mask: 0xffffffffffffffff max_cycles: 0x171024fa93b, max_idle_ns: 440795253189 ns
[    1.663977] platform rtc_cmos: registered platform RTC device (no PNP device found)
[    1.666952] Scanning for low memory corruption every 60 seconds
[    1.669421] audit: initializing netlink subsys (disabled)
[    1.671636] audit: type=2000 audit(1587641429.204:1): initialized
[    1.674351] Initialise system trusted keyring
[    1.676312] HugeTLB registered 2 MB page size, pre-allocated 0 pages
[    1.680502] zbud: loaded
[    1.682662] VFS: Disk quotas dquot_6.6.0
[    1.685280] VFS: Dquot-cache hash table entries: 512 (order 0, 4096 bytes)
[    1.688681] squashfs: version 4.0 (2009/01/31) Phillip Lougher
[    1.692309] fuse init (API version 7.23)
[    1.695036] Key type big_key registered
[    1.696938] Allocating IMA MOK and blacklist keyrings.
[    1.700538] Key type asymmetric registered
[    1.702163] Asymmetric key parser 'x509' registered
[    1.704004] Block layer SCSI generic (bsg) driver version 0.4 loaded (major 249)
[    1.707422] io scheduler noop registered
[    1.709204] io scheduler deadline registered (default)
[    1.711672] io scheduler cfq registered
[    1.713743] pci_hotplug: PCI Hot Plug PCI Core version: 0.5
[    1.715990] pciehp: PCI Express Hot Plug Controller Driver version: 0.4
[    1.719387] ACPI: AC Adapter [AC] (on-line)
[    1.721618] input: Power Button as /devices/LNXSYSTM:00/LNXPWRBN:00/input/input0
[    1.725007] ACPI: Power Button [PWRF]
[    1.726633] input: Sleep Button as /devices/LNXSYSTM:00/LNXSLPBN:00/input/input1
[    1.729478] ACPI: Sleep Button [SLPF]
[    1.733094] GHES: HEST is not enabled!
[    1.733748] ACPI: Battery Slot [BAT0] (battery present)
[    1.737194] Serial: 8250/16550 driver, 32 ports, IRQ sharing enabled
[    1.760678] 00:02: ttyS0 at I/O 0x3f8 (irq = 4, base_baud = 115200) is a 16550A
[    1.773412] Linux agpgart interface v0.103
[    1.780152] loop: module loaded
[    1.783054] scsi host0: ata_piix
[    1.784945] scsi host1: ata_piix
[    1.787084] ata1: PATA max UDMA/33 cmd 0x1f0 ctl 0x3f6 bmdma 0xd000 irq 14
[    1.791843] ata2: PATA max UDMA/33 cmd 0x170 ctl 0x376 bmdma 0xd008 irq 15
[    1.795036] libphy: Fixed MDIO Bus: probed
[    1.797540] tun: Universal TUN/TAP device driver, 1.6
[    1.799508] tun: (C) 1999-2004 Max Krasnyansky <maxk@qualcomm.com>
[    1.802866] PPP generic driver version 2.4.2
[    1.804751] ehci_hcd: USB 2.0 'Enhanced' Host Controller (EHCI) Driver
[    1.807365] ehci-pci: EHCI PCI platform driver
[    1.808974] ehci-platform: EHCI generic platform driver
[    1.811042] ohci_hcd: USB 1.1 'Open' Host Controller (OHCI) Driver
[    1.813520] ohci-pci: OHCI PCI platform driver
[    1.815349] ohci-platform: OHCI generic platform driver
[    1.817580] uhci_hcd: USB Universal Host Controller Interface driver
[    1.819888] i8042: PNP: PS/2 Controller [PNP0303:PS2K,PNP0f03:PS2M] at 0x60,0x64 irq 1,12
[    1.824348] serio: i8042 KBD port at 0x60,0x64 irq 1
[    1.827888] serio: i8042 AUX port at 0x60,0x64 irq 12
[    1.831090] mousedev: PS/2 mouse device common for all mice
[    1.835064] input: AT Translated Set 2 keyboard as /devices/platform/i8042/serio0/input/input2
[    1.841752] rtc_cmos rtc_cmos: rtc core: registered rtc_cmos as rtc0
[    1.844425] rtc_cmos rtc_cmos: alarms up to one day, 114 bytes nvram
[    1.847262] i2c /dev entries driver
[    1.848861] device-mapper: uevent: version 1.0.3
[    1.850779] device-mapper: ioctl: 4.34.0-ioctl (2015-10-28) initialised: dm-devel@redhat.com
[    1.855682] ledtrig-cpu: registered to indicate activity on CPUs
[    1.860760] NET: Registered protocol family 10
[    1.863206] NET: Registered protocol family 17
[    1.866725] Key type dns_resolver registered
[    1.870427] registered taskstats version 1
[    1.873587] Loading compiled-in X.509 certificates
[    1.876629] Loaded X.509 cert 'Build time autogenerated kernel key: 2501974cc66248a18f8fa54aaac948a5171f77fb'
[    1.881235] zswap: loaded using pool lzo/zbud
[    1.886438] Key type trusted registered
[    1.894524] Key type encrypted registered
[    1.896676] AppArmor: AppArmor sha1 policy hashing enabled
[    1.900204] ima: No TPM chip found, activating TPM-bypass!
[    1.902441] ima: Allocated hash algorithm: sha1
[    1.904597] evm: HMAC attrs: 0x1
[    1.906918]   Magic number: 0:360:530
[    1.908789] tty ttyS10: hash matches
[    1.911228] rtc_cmos rtc_cmos: setting system clock to 2020-04-23 11:30:22 UTC (1587641422)
[    1.915235] BIOS EDD facility v0.16 2004-Jun-25, 0 devices found
[    1.917770] EDD information not available.
[    1.955623] Freeing unused kernel memory: 1488K
[    1.957825] Write protecting the kernel read-only data: 14336k
[    1.960636] Freeing unused kernel memory: 1604K
[    1.962750] Freeing unused kernel memory: 64K
Loading, please wait...
starting version 229
[    1.987736] random: systemd-udevd: uninitialized urandom read (16 bytes read, 5 bits of entropy available)
[    1.988805] random: udevadm: uninitialized urandom read (16 bytes read, 5 bits of entropy available)
[    1.988831] random: udevadm: uninitialized urandom read (16 bytes read, 5 bits of entropy available)
[    2.002547] random: udevadm: uninitialized urandom read (16 bytes read, 5 bits of entropy available)
[    2.002622] random: udevadm: uninitialized urandom read (16 bytes read, 5 bits of entropy available)
[    2.002932] random: udevadm: uninitialized urandom read (16 bytes read, 5 bits of entropy available)
[    2.003003] random: udevadm: uninitialized urandom read (16 bytes read, 5 bits of entropy available)
[    2.003093] random: udevadm: uninitialized urandom read (16 bytes read, 5 bits of entropy available)
[    2.003232] random: udevadm: uninitialized urandom read (16 bytes read, 5 bits of entropy available)
[    2.003315] random: udevadm: uninitialized urandom read (16 bytes read, 5 bits of entropy available)
[    2.118553] Fusion MPT base driver 3.04.20
[    2.121132] Copyright (c) 1999-2008 LSI Corporation
[    2.125492] e1000: Intel(R) PRO/1000 Network Driver - version 7.3.21-k8-NAPI
[    2.131563] e1000: Copyright (c) 1999-2006 Intel Corporation.
[    2.160380] AVX2 version of gcm_enc/dec engaged.
[    2.163625] AES CTR mode by8 optimization enabled
[    2.170462] Fusion MPT SPI Host driver 3.04.20
[    2.347087] input: ImExPS/2 Generic Explorer Mouse as /devices/platform/i8042/serio1/input/input4
[    2.709817] e1000 0000:00:03.0 eth0: (PCI:33MHz:32-bit) 02:8b:bd:82:0d:ad
[    2.712716] e1000 0000:00:03.0 eth0: Intel(R) PRO/1000 Network Connection
[    2.716406] mptbase: ioc0: Initiating bringup
[    2.781161] ioc0: LSI53C1030 A0: Capabilities={Initiator}
[    2.945836] scsi host2: ioc0: LSI53C1030 A0, FwRev=00000000h, Ports=1, MaxQ=256, IRQ=20
[    3.062917] scsi 2:0:0:0: Direct-Access     VBOX     HARDDISK         1.0  PQ: 0 ANSI: 5
[    3.067338] scsi target2:0:0: Beginning Domain Validation
[    3.070958] scsi target2:0:0: Domain Validation skipping write tests
[    3.073108] scsi target2:0:0: Ending Domain Validation
[    3.075291] scsi target2:0:0: asynchronous
[    3.095326] scsi 2:0:1:0: Direct-Access     VBOX     HARDDISK         1.0  PQ: 0 ANSI: 5
[    3.099965] scsi target2:0:1: Beginning Domain Validation
[    3.106910] scsi target2:0:1: Domain Validation skipping write tests
[    3.109668] scsi target2:0:1: Ending Domain Validation
[    3.112411] scsi target2:0:1: asynchronous
[    3.139091] sd 2:0:0:0: Attached scsi generic sg0 type 0
[    3.152404] sd 2:0:0:0: [sda] 20971520 512-byte logical blocks: (10.7 GB/10.0 GiB)
[    3.156658] sd 2:0:0:0: [sda] Write Protect is off
[    3.160099] sd 2:0:0:0: [sda] Incomplete mode parameter data
[    3.165053] sd 2:0:0:0: [sda] Assuming drive cache: write through
[    3.174770] sd 2:0:1:0: [sdb] 20480 512-byte logical blocks: (10.5 MB/10.0 MiB)
[    3.179919] sd 2:0:1:0: Attached scsi generic sg1 type 0
[    3.183952] sd 2:0:1:0: [sdb] Write Protect is off
[    3.186757] sd 2:0:1:0: [sdb] Incomplete mode parameter data
[    3.190231] sd 2:0:1:0: [sdb] Assuming drive cache: write through
[    3.197411]  sda: sda1
[    3.200974] sd 2:0:1:0: [sdb] Attached SCSI disk
[    3.204399] sd 2:0:0:0: [sda] Attached SCSI disk
[    3.593147] e1000 0000:00:08.0 eth1: (PCI:33MHz:32-bit) 08:00:27:5c:f1:5f
[    3.596007] e1000 0000:00:08.0 eth1: Intel(R) PRO/1000 Network Connection
[    3.600808] e1000 0000:00:03.0 enp0s3: renamed from eth0
[    3.617829] e1000 0000:00:08.0 enp0s8: renamed from eth1
Begin: Loading essential drivers ... [    5.132541] md: linear personality registered for level -1
[    5.139362] md: multipath personality registered for level -4
[    5.146853] md: raid0 personality registered for level 0
[    5.155263] md: raid1 personality registered for level 1
[    5.229030] raid6: sse2x1   gen()  6261 MB/s
[    5.296945] raid6: sse2x1   xor()  5058 MB/s
[    5.365073] raid6: sse2x2   gen()  8555 MB/s
[    5.432974] raid6: sse2x2   xor()  5760 MB/s
[    5.500987] raid6: sse2x4   gen()  9869 MB/s
[    5.572971] raid6: sse2x4   xor()  4583 MB/s
[    5.641618] raid6: avx2x1   gen() 13170 MB/s
[    5.708974] raid6: avx2x2   gen() 15271 MB/s
[    5.777047] raid6: avx2x4   gen() 17460 MB/s
[    5.778953] raid6: using algorithm avx2x4 gen() 17460 MB/s
[    5.781181] raid6: using avx2x2 recovery algorithm
[    5.785666] xor: automatically using best checksumming function:
[    5.824948]    avx       : 19916.000 MB/sec
[    5.828966] async_tx: api initialized (async)
[    5.849050] md: raid6 personality registered for level 6
[    5.851951] md: raid5 personality registered for level 5
[    5.855534] md: raid4 personality registered for level 4
[    5.867877] md: raid10 personality registered for level 10
done.
Begin: Running /scripts/init-premount ... done.
Begin: Mounting root file system ... Begin: Running /scripts/local-top ... done.
Begin: Running /scripts/local-premount ... [    5.917607] Btrfs loaded
Scanning for Btrfs filesystems
done.
Warning: fsck not present, so skipping root file system
[    5.999076] EXT4-fs (sda1): mounted filesystem with ordered data mode. Opts: (null)
done.
Begin: Running /scripts/local-bottom ... done.
Begin: Running /scripts/init-bottom ... done.
[    6.284473] systemd[1]: systemd 229 running in system mode. (+PAM +AUDIT +SELINUX +IMA +APPARMOR +SMACK +SYSVINIT +UTMP +LIBCRYPTSETUP +GCRYPT +GNUTLS +ACL +XZ -LZ4 +SECCOMP +BLKID +ELFUTILS +KMOD -IDN)
[    6.291884] systemd[1]: Detected virtualization oracle.
[    6.294458] systemd[1]: Detected architecture x86-64.

Welcome to [1mUbuntu 16.04.6 LTS[0m!

[    6.303969] systemd[1]: Set hostname to <ubuntu>.
[    6.313334] systemd[1]: Initializing machine ID from random generator.
[    6.317340] systemd[1]: Installed transient /etc/machine-id file.
[    6.746536] systemd[1]: Reached target Swap.
[[0;32m  OK  [0m] Reached target Swap.
[    6.750888] systemd[1]: Listening on Device-mapper event daemon FIFOs.
[[0;32m  OK  [0m] Listening on Device-mapper event daemon FIFOs.
[    6.756448] systemd[1]: Reached target Encrypted Volumes.
[[0;32m  OK  [0m] Reached target Encrypted Volumes.
[    6.761168] systemd[1]: Set up automount Arbitrary Executable File Formats File System Automount Point.
[[0;32m  OK  [0m] Set up automount Arbitrary Executab...ats File System Automount Point.
[    6.768889] systemd[1]: Created slice System Slice.
[[0;32m  OK  [0m] Created slice System Slice.
[    6.773552] systemd[1]: Listening on /dev/initctl Compatibility Named Pipe.
[[0;32m  OK  [0m] Listening on /dev/initctl Compatibility Named Pipe.
[    6.778919] systemd[1]: Listening on udev Kernel Socket.
[[0;32m  OK  [0m] Listening on udev Kernel Socket.
[    6.785757] systemd[1]: Listening on Journal Socket.
[[0;32m  OK  [0m] Listening on Journal Socket.
[    6.801816] systemd[1]: Starting Remount Root and Kernel File Systems...
         Starting Remount Root a[    6.815281] EXT4-fs (sda1): re-mounted. Opts: (null)
nd Kernel File Systems...
[    6.820504] systemd[1]: Mounting POSIX Message Queue File System...
         Mounting POSIX Message Queue File System...
[    6.845415] systemd[1]: Starting Load Kernel Modules...
         Starting Load Kernel Modules...
[    6.859942] systemd[1]: Starting Nameserver information manager...
[    6.866459] Loading iSCSI transport class v2.0-870.
         Starting Nameserver information manager...
[    6.877325] systemd[1]: Mounting Huge Pages File System...
         Mounting Huge Pages File System...
[    6.886712] systemd[1]: Mounting Debug File System...
         Mounting Debug File System...
[    6.894428] iscsi: registered transport (tcp)
[    6.898801] systemd[1]: Starting Uncomplicated firewall...
         Starting Uncomplicated firewall...
[    6.904370] systemd[1]: Created slice system-serial\x2dgetty.slice.
[[0;32m  OK  [0m] Created slice system-serial\x2dgetty.slice.
[    6.912287] systemd[1]: Reached target User and Group Name Lookups.
[[0;32m  OK  [0m] Reached target User and Group Name Lookups.
[    6.918194] systemd[1]: Listening on Syslog Socket.
[[0;32m  OK  [0m] Listening on Syslog Socket.
[    6.949656] systemd[1]: Starting Set console keymap...
         Starting Set console keymap...
[    6.956337] systemd[1]: Reached target System Time Synchronized.
[[0;32m  OK  [0m] Reached target System Time Synchronized.
[    6.966471] systemd[1]: Starting Create list of required static device nodes for the current kernel...
         Starting Create list of required st... nodes for the current kernel...
[    6.982316] iscsi: registered transport (iser)
[    6.989702] systemd[1]: Listening on udev Control Socket.
[[0;32m  OK  [0m] Listening on udev Control Socket.
[    6.999974] systemd[1]: Started Forward Password Requests to Wall Directory Watch.
[[0;32m  OK  [0m] Started Forward Password Requests to Wall Directory Watch.
[    7.007994] systemd[1]: Listening on LVM2 metadata daemon socket.
[[0;32m  OK  [0m] Listening on LVM2 metadata daemon socket.
[    7.014420] systemd[1]: Listening on Journal Audit Socket.
[[0;32m  OK  [0m] Listening on Journal Audit Socket.
[    7.033449] systemd[1]: Starting Monitoring of LVM2 mirrors, snapshots etc. using dmeventd or progress polling...
         Starting Monitoring of LVM2 mirrors... dmeventd or progress polling...
[    7.049805] systemd[1]: Listening on Journal Socket (/dev/log).
[[0;32m  OK  [0m] Listening on Journal Socket (/dev/log).
[    7.057091] systemd[1]: Starting Journal Service...
         Starting Journal Service...
[    7.065463] systemd[1]: Listening on LVM2 poll daemon socket.
[[0;32m  OK  [0m] Listening on LVM2 poll daemon socket.
[    7.076483] systemd[1]: Created slice User and Session Slice.
[[0;32m  OK  [0m] Created slice User and Session Slice.
[    7.083259] systemd[1]: Reached target Slices.
[[0;32m  OK  [0m] Reached target Slices.
[    7.094403] systemd[1]: Started Trigger resolvconf update for networkd DNS.
[[0;32m  OK  [0m] Started Trigger resolvconf update for networkd DNS.
[    7.119378] systemd[1]: Mounted Debug File System.
[[0;32m  OK  [0m] Mounted Debug File System.
[    7.125682] systemd[1]: Mounted POSIX Message Queue File System.
[[0;32m  OK  [0m] Mounted POSIX Message Queue File System.
[    7.131827] systemd[1]: Mounted Huge Pages File System.
[[0;32m  OK  [0m] Mounted Huge Pages File System.
[    7.137191] systemd[1]: Started Journal Service.
[[0;32m  OK  [0m] Started Journal Service.
[[0;32m  OK  [0m] Started Remount Root and Kernel File Systems.
[[0;32m  OK  [0m] Started Load Kernel Modules.
[[0;32m  OK  [0m] Started Uncomplicated firewall.
[[0;32m  OK  [0m] Started Set console keymap.
[[0;32m  OK  [0m] Started Create list of required sta...ce nodes for the current kernel.
[[0;32m  OK  [0m] Started Nameserver information manager.
[[0;32m  OK  [0m] Started LVM2 metadata daemon.
         Starting Create Static Device Nodes in /dev...
         Starting Apply Kernel Variables...
         Mounting FUSE Control File System...
         Starting udev Coldplug all Devices...
         Starting Load/Save Random Seed...
         Starting Flush Journal to Persistent Storage...
[    7.227741] random: nonblocking pool is initialized
[[0;32m  OK  [0m] Mounted FUSE Control File System.
[[0;32m  OK  [0m] Started Apply Kernel Variables.
[[0;32m  OK  [0m] Started Load/Save Random Seed.
[[0;32m  OK  [0m] Started Flush Journal to Persistent Storage.
[[0;32m  OK  [0m] Started Create Static Device Nodes in /dev.
         Starting udev Kernel Device Manager...
[[0;32m  OK  [0m] Started udev Coldplug all Devices.
[[0;32m  OK  [0m] Started udev Kernel Device Manager.
[[0;32m  OK  [0m] Started Dispatch Password Requests to Console Directory Watch.
[[0;32m  OK  [0m] Started Monitoring of LVM2 mirrors,...ng dmeventd or progress polling.
[[0;32m  OK  [0m] Reached target Local File Systems (Pre).
[[0;32m  OK  [0m] Reached target Local File Systems.
         Starting Commit a transient machine-id on disk...
         Starting Tell Plymouth To Write Out Runtime Data...
         Starting Set console font and keymap...
         Starting Create Volatile Files and Directories...
         Starting LSB: AppArmor initialization...
         Starting Initial cloud-init job (pre-networking)...
[[0;32m  OK  [0m] Started Commit a transient machine-id on disk.
[[0;32m  OK  [0m] Started Tell Plymouth To Write Out Runtime Data.
[[0;32m  OK  [0m] Started Create Volatile Files and Directories.
         Starting Update UTMP about System Boot/Shutdown...
[[0;32m  OK  [0m] Started Update UTMP about System Boot/Shutdown.
[[0;32m  OK  [0m] Found device /dev/ttyS0.
[[0;32m  OK  [0m] Listening on Load/Save RF Kill Switch Status /dev/rfkill Watch.
[[0;32m  OK  [0m] Started LSB: AppArmor initialization.
[[0;32m  OK  [0m] Started Set console font and keymap.
[[0;32m  OK  [0m] Created slice system-getty.slice.
[    9.774103] cloud-init[520]: Cloud-init v. 19.4-33-gbb4131a2-0ubuntu1~16.04.1 running 'init-local' at Thu, 23 Apr 2020 11:30:29 +0000. Up 8.79 seconds.
[[0;32m  OK  [0m] Started Initial cloud-init job (pre-networking).
[[0;32m  OK  [0m] Reached target Network (Pre).
         Starting Raise network interfaces...
[[0;32m  OK  [0m] Started Raise network interfaces.
         Starting Initial cloud-init job (metadata service crawler)...
[[0;32m  OK  [0m] Reached target Network.
[   11.956840] cloud-init[962]: Cloud-init v. 19.4-33-gbb4131a2-0ubuntu1~16.04.1 running 'init' at Thu, 23 Apr 2020 11:30:32 +0000. Up 10.83 seconds.
[   11.964381] cloud-init[962]: ci-info: ++++++++++++++++++++++++++++++++++++++Net device info++++++++++++++++++++++++++++++++++++++
[   11.976893] cloud-init[962]: ci-info: +--------+-------+---------------------------+---------------+--------+-------------------+
[   11.981444] cloud-init[962]: ci-info: | Device |   Up  |          Address          |      Mask     | Scope  |     Hw-Address    |
[   11.986097] cloud-init[962]: ci-info: +--------+-------+---------------------------+---------------+--------+-------------------+
[   11.992345] cloud-init[962]: ci-info: | enp0s3 |  True |         10.0.2.15         | 255.255.255.0 | global | 02:8b:bd:82:0d:ad |
[   12.008637] cloud-init[962]: ci-info: | enp0s3 |  True | fe80::8b:bdff:fe82:dad/64 |       .       |  link  | 02:8b:bd:82:0d:ad |
[   12.020735] cloud-init[962]: ci-info: | enp0s8 | False |             .             |       .       |   .    | 08:00:27:5c:f1:5f |
[   12.032776] cloud-init[962]: ci-info: |   lo   |  True |         127.0.0.1         |   255.0.0.0   |  host  |         .         |
[   12.037935] cloud-init[962]: ci-info: |   lo   |  True |          ::1/128          |       .       |  host  |         .         |
[   12.044597] cloud-init[962]: ci-info: +--------+-------+---------------------------+---------------+--------+-------------------+
[   12.051593] cloud-init[962]: ci-info: +++++++++++++++++++++++++++Route IPv4 info++++++++++++++++++++++++++++
[   12.060500] [[0;32m  OK  [0m] Started Initial cloud-init job (metadata service crawler).
[[0;32m  OK  [0m] Reached target Network is Online.
cloud-init[962]: ci-info: +-------+-------------+----------+---------------+-----------+-------+
[   12.068961] cloud-init[962]: ci-info: | Route | Destination | Gateway  |    Genmask    | Interface | Flags |
[   12.073395] cloud-init[962]: ci-info: +-------+-------------+----------+---------------+-----------+-------+
[   12.078795] cloud-init[962]: ci-info: |   0   |   0.0.0.0   | 10.0.2.2 |    0.0.0.0    |   enp0s3  |   UG  |
[   12.086725]          cloud-initStarting iSCSI initiator daemon (iscsid)...[962]: 
ci-info: |   1   |   10.0.2.0  | 0.0.0.0  | 255.255.255.0 |   enp0s3  |   U   |
[[0;32m  OK  [0m] Reached target System Initialization.
[   12.091885] cloud-init[962]: ci-info: +-------+-------------+----------+---------------+-----------+-------+
[[0;32m  OK  [0m] Started ACPI Events Check.
[[0;32m  OK  [0m] Reached target Paths.
[[0;32m  OK  [0m] Listening on ACPID Listen Socket.
[[0;32m  OK  [0m] Started Daily apt download activities.
[[0;32m  OK  [0m] Started Daily apt upgrade and clean activities.
[[0;32m  OK  [0m] Listening on UUID daemon activation socket.
[[0;32m  OK  [0m] Listening on D-Bus System Message Bus Socket.
[[0;32m  OK  [0m] Started Message of the Day.
[[0;32m  OK  [0m] Started Daily Cleanup of Temporary Directories.
[   12.101902] cloud-init[962]: ci-info: +++++++++++++++++++Route IPv6 info+++++++++++++++++++
[   12.126769]          cloud-initStarting Socket activation for snappy daemon.[962]: 
ci-info: +-------+-------------+---------+-----------+-------+
[   12.133124] cloud-init[962]: ci-info: | Route | Destination | Gateway | Interface | Flags |
[   12.144540] cloud-init[962]: ci-info: +-------+-------------+---------+-----------+-------+
         Starting LXD - unix socket.
[   12.153789] cloud-init[962]: ci-info: |   0   |  fe80::/64  |    ::   |   enp0s3  |   U   |
[   12.156318] cloud-init[962]: ci-info: |   3   |   ff00::/8  |    ::   |   enp0s3  |   U   |
[   12.157371] [[0;32m  OK  [0m] Reached target Timers.
[[0;32m  OK  [0m] Reached target Cloud-config availability.
cloud-init[962]: ci-info: +-------+-------------+---------+-----------+-------+
[   12.175085] cloud-init[962]: Generating public/private rsa key pair.
[   12.178617] cloud-init[962]: Your identification has been saved in /etc/ssh/ssh_host_rsa_key.
[   12.185502] [[0;32m  OK  [0m] Listening on Socket activation for snappy daemon.
[[0;32m  OK  [0m] Listening on LXD - unix socket.
[[0;32m  OK  [0m] Reached target Sockets.
[[0;32m  OK  [0m] Reached target Basic System.
         Starting Virtualbox guest utils...
         Starting /etc/rc.local Compatibility...
[[0;32m  OK  [0m] Started FUSE filesystem for LXC.
         Starting LSB: Record successful boot for GRUB...
cloud-init[962]: Your public key has been saved in /etc/ssh/ssh_host_rsa_key.pub.
[[0;32m  OK  [0m] Started D-Bus System Message Bus.
[   12.223577] cloud-init[962]: The key fingerprint is:
[   12.235505] cloud-init[962]: SHA256:2dnAo4Th+zyT0YzURVZ20sxu9V+f3XqQuWFezVeb9ec root@ubuntu-xenial
[   12.240549] cloud-init[962]: The key's randomart image is:
[   12.243417] cloud-init[962]: +---[RSA 2048]----+
[   12.245974] cloud-init[962]: |      .    .+.++.|
[   12.256850] cloud-init[962]: |     . o o o . o=|
[   12.263268] cloud-init[962]: |      o o =    .o|
[   12.273461] cloud-init[962]: |       + B =    B|
[   12.276577] cloud-init[962]: |      . S = .  =#|
[   12.278961] cloud-init[962]: |       o o    *+%|
[   12.289014] cloud-init[962]: |        *    o Bo|
[   12.291245] cloud-init[962]: |         o    + E|
[   12.293869] cloud-init[962]: |               . |
[   12.297336] cloud-init[962]: +----[SHA256]-----+
[   12.300066] cloud-init[962]: Generating public/private dsa key pair.
[   12.302907] cloud-init[962]: Your identification has been saved in /etc/ssh/ssh_host_dsa_key.
[   12.306710] cloud-init[962]: Your public key has been saved in /etc/ssh/ssh_host_dsa_key.pub.
[   12.310596] cloud-init[962]: The key fingerprint is:
[   12.320699] cloud-init[962]: SHA256:KGcXVNXedVtATGb8Wvebkq/PW7tBUJwJast053P07Ag root@ubuntu-xenial
[   12.332687] cloud-init[962]: The key's randomart image is:
[   12.334995] cloud-init[962]: +---[DSA 1024]----+
[   12.337604] cloud-init[962]: |        .....BOoo|
[   12.340516] cloud-init[962]: |       .    .o=++|
[   12.348655]          Starting Login Service...
         Starting Accounts Service...
cloud-init[962]: |        .  + + +*|         Starting LSB: MD monitoring daemon...
[[0;32m  OK  [0m] Started Deferred execution scheduler.

         Starting Pollinate to seed the pseudo random number generator...
         Starting System Logging Service...
[   12.372448] cloud-init[962]: |       . .+ o =+*|
[[0;32m  OK  [0m] Started Regular background program processing daemon.
[   12.410478] cloud-init[962]: |    . + S  oE  **|
[   12.420500] cloud-init[962]: |     + .     .oo+|
[[0;32m  OK  [0m] Started ACPI event daemon.
         Starting LXD - container startup/shutdown...
[   12.427618] cloud-init[962]:          Starting Snappy daemon...
[[0;32m  OK  [0m] Started iSCSI initiator daemon (iscsid).
|              o.=|
[[0;32m  OK  [0m] Started /etc/rc.local Compatibility.
[[0;32m  OK  [0m] Started System Logging Service.
[   12.480330] cloud-init[962]: |             o.o+|
[   12.500855] cloud-init[962]: |             .=Bo|
[   12.505890] cloud-init[962]: +----[SHA256]-----+
[   12.512479]          Starting Login to default iSCSI targets...
cloud-init[962]: Generating public/private ecdsa key pair.
[[0;32m  OK  [0m] Started Login Service.
[   12.550080] cloud-init[962]: Your identification has been saved in /etc/ssh/ssh_host_ecdsa_key.
[   12.556688] [cloud-init[0;32m  OK  [0m[962]: ] Your public key has been saved in /etc/ssh/ssh_host_ecdsa_key.pub.Started LSB: Record successful boot for GRUB.

[   12.557182] cloud-init[962]: The key fingerprint is:
[   12.570708] [[0;32m  OK  [0m] Started Unattended Upgrades Shutdown.
[[0;32m  OK  [0m] Started LSB: MD monitoring daemon.
cloud-init[962]: SHA256:G3uT9APRF2sZCezVy98AG9Q7ka8HmgYKpHTTsjn7iRI root@ubuntu-xenial
[   12.599387] cloud-init         Starting Authenticate and Authorize Users to Run Privileged Tasks...
[962]: The key's randomart image is:
[   12.617532] cloud-init[962]: +---[ECDSA 256]---+
[   12.638717] cloud-init[962]: |       .   oooo+ |
[   12.646514] cloud-init[962]: |    . = .  .+ *=.|
[   12.653815] cloud-init[962]: |   . + =  ...=*+.|
[   12.678721] cloud-init[[0;32m  OK  [0m] Started Login to default iSCSI targets.
[[0;32m  OK  [0m] Reached target Remote File Systems (Pre).
[[0;32m  OK  [0m] Reached target Remote File Systems.
[962]: |    . =   ..oo=o.|         Starting Permit User Sessions...

[   12.695667]          Starting LSB: automatic crash report generation...
         Starting LSB: daemon to balance interrupts for SMP systems...
         Starting LSB: Set the CPU Frequency Scaling governor to "ondemand"...
[[0;32m  OK  [0m] Started Permit User Sessions.
cloud-init[962]: |       +S.o. o =o|
         Starting Terminate Plymouth Boot Screen...
         Starting Hold until boot process finishes up...
[[0;32m  OK  [0m] Started Hold until boot process finishes up.
         Starting Set console scheme...
[[0;32m  OK  [0m] Started Serial Getty on ttyS0.
[   12.747706] cloud-init[962]: |    E . .= ++ . +|
[   12.755934] cloud-init[962]: |     . oo.+.o  . |
[   12.760430] cloud-init[962]: |    . . o. . .   |
[   12.765006] cloud-init[962]: |     .           |
[   12.770207] [[0;32m  OK  [0m] Started Getty on tty1.
[[0;32m  OK  [0m] Reached target Login Prompts.
cloud-init[962]: +----[SHA256]-----+
[   12.783346] cloud-init[962]: Generating public/private ed25519 key pair.
[   12.790774] cloud-init[962]: Your identification has been saved in /etc/ssh/ssh_host_ed25519_key.
[   12.806133] [cloud-init[0;32m  OK  [0m[962]: ] Your public key has been saved in /etc/ssh/ssh_host_ed25519_key.pub.Started Terminate Plymouth Boot Screen.

[   12.813156] cloud-init[962]: The key fingerprint is:
[   12.818384] cloud-init[962]: [[0;32m  OK  [0m] Started Set console scheme.
[[0;32m  OK  [0m] Started Authenticate and Authorize Users to Run Privileged Tasks.
SHA256:3+c2a6Wfm0jHOe3BP/3D16XtZBmSyvrIPwaq1yKlIYM root@ubuntu-xenial
[[0;32m  OK  [0m] Started Accounts Service.
[   12.924792] cloud-init[962]: The key's randomart image is:
[   12.938602] [[0;32m  OK  [0m] Started LSB: automatic crash report generation.
cloud-init[962]: +--[ED25519 256]--+
[   12.940092] cloud-init[962]: |                 |
[[0;32m  OK  [0m] Started LSB: Set the CPU Frequency Scaling governor to "ondemand".
[   12.940878] cloud-init[962]: |                 |
[   12.956261] cloud-init[962]: |                 |
[   12.967059] cloud-init[962]: |              .  |
[   12.994155] cloud-init[962]: |  .     S    o . |[[0;32m  OK  [0m] Started LSB: daemon to balance interrupts for SMP systems.

[   13.012602] cloud-init[962]: | E o . . o... + B|
[[0;32m  OK  [0m] Started Virtualbox guest utils.
[   13.039297] cloud-init[962]: |    o + o oo..o&B|[[0;32m  OK  [0m] Started LXD - container startup/shutdown.

[   13.083678] cloud-init[962]: |     o +..oo.oOB@|
[   13.095126] cloud-init[962]: |     .+ .++o.+oO%|
[   13.100754] cloud-init[962]: +----[SHA256]-----+
[[0;32m  OK  [0m] Started Snappy daemon.
         Starting Wait until snapd is fully seeded...
[[0;32m  OK  [0m] Started Pollinate to seed the pseudo random number generator.
         Starting OpenBSD Secure Shell server...
[[0;32m  OK  [0m] Started OpenBSD Secure Shell server.
[[0;32m  OK  [0m] Started Wait until snapd is fully seeded.
[[0;32m  OK  [0m] Reached target Multi-User System.
[[0;32m  OK  [0m] Reached target Graphical Interface.
         Starting Update UTMP about System Runlevel Changes...
         Starting Apply the settings specified in cloud-config...
[[0;32m  OK  [0m] Started Update UTMP about System Runlevel Changes.
[   15.065293] cloud-init[1320]: Generating locales (this might take a while)...
[   16.285628] cloud-init[1320]:   en_US.UTF-8... done
[   16.288559] cloud-init[1320]: Generation complete.
[   16.991216] cloud-init[1320]: Cloud-init v. 19.4-33-gbb4131a2-0ubuntu1~16.04.1 running 'modules:config' at Thu, 23 Apr 2020 11:30:36 +0000. Up 14.90 seconds.
[[0;32m  OK  [0m] Started Apply the settings specified in cloud-config.
         Starting Execute cloud user/final scripts...
[[0;32m  OK  [0m] Created slice User Slice of vagrant.
         Starting User Manager for UID 1000...
[[0;32m  OK  [0m] Started Session 1 of user vagrant.
[[0;32m  OK  [0m] Started User Manager for UID 1000.
ci-info: no authorized SSH keys fingerprints found for user ubuntu.
<14>Apr 23 11:30:39 ec2: 
<14>Apr 23 11:30:39 ec2: #############################################################
<14>Apr 23 11:30:39 ec2: -----BEGIN SSH HOST KEY FINGERPRINTS-----
<14>Apr 23 11:30:39 ec2: 1024 SHA256:KGcXVNXedVtATGb8Wvebkq/PW7tBUJwJast053P07Ag root@ubuntu-xenial (DSA)
<14>Apr 23 11:30:39 ec2: 256 SHA256:G3uT9APRF2sZCezVy98AG9Q7ka8HmgYKpHTTsjn7iRI root@ubuntu-xenial (ECDSA)
<14>Apr 23 11:30:39 ec2: 256 SHA256:3+c2a6Wfm0jHOe3BP/3D16XtZBmSyvrIPwaq1yKlIYM root@ubuntu-xenial (ED25519)
<14>Apr 23 11:30:39 ec2: 2048 SHA256:2dnAo4Th+zyT0YzURVZ20sxu9V+f3XqQuWFezVeb9ec root@ubuntu-xenial (RSA)
<14>Apr 23 11:30:39 ec2: -----END SSH HOST KEY FINGERPRINTS-----
<14>Apr 23 11:30:39 ec2: #############################################################
-----BEGIN SSH HOST KEY KEYS-----
ecdsa-sha2-nistp256 AAAAE2VjZHNhLXNoYTItbmlzdHAyNTYAAAAIbmlzdHAyNTYAAABBBIDt5fg1GoRqvk4ViTIXWuTC2J+L5Ajc//a6OR3SQRDWsrsrU46TEzvh0eSVnY5AB9IBqAPRZvPAcwiMqS72cDk= root@ubuntu-xenial
ssh-ed25519 AAAAC3NzaC1lZDI1NTE5AAAAIGPZuNrp4zxqdjmVYdYsdqHF6PSzZ6dAsxSfSz0C3eM7 root@ubuntu-xenial
ssh-rsa AAAAB3NzaC1yc2EAAAADAQABAAABAQDDIVPRD3RtL8Yci1uIHGYm+V0r8v0UDCmJ0hQx9B/Z+zjuA/JLgo+BZnDcuOG+kuCCeOHZkO4JmtBVgYD06znKLBb0uwJF1Yw4SnlIiToEpSLK/fiAQF9t6edFkvdFoyUmItL01oRoeFnpDtVf88uxOCcdI+F8IRnL4Fh71Dx5r+frD962GkEAlkg8vcMMge+MXnJBW4wJRHwZ7IBR2gNGmzyt4x1CrrOaOW3XzHMo4ZVeUWL2ES8VtG4OHjyxuuxSDQsGOz8Hg2T/c7ysq1QRrmT0cjdvkwNpr0gSXNUM0qrpCMtEYaJg869+2kqCIXoJuqCoKzvpUNshvRSbZpaR root@ubuntu-xenial
-----END SSH HOST KEY KEYS-----
[   18.364920] cloud-init[1361]: Cloud-init v. 19.4-33-gbb4131a2-0ubuntu1~16.04.1 running 'modules:final' at Thu, 23 Apr 2020 11:30:38 +0000. Up 17.66 seconds.
[   18.375210] cloud-init[1361]: ci-info: no authorized SSH keys fingerprints found for user ubuntu.
[   18.379422] cloud-init[1361]: Cloud-init v. 19.4-33-gbb4131a2-0ubuntu1~16.04.1 finished at Thu, 23 Apr 2020 11:30:39 +0000. Datasource DataSourceNoCloud [seed=/dev/sdb][dsmode=net].  Up 18.33 seconds

Ubuntu 16.04.6 LTS ubuntu-xenial ttyS0

ubuntu-xenial login: 